\BOOKMARK [1][-]{section.1}{Calculus of variations}{}% 1
\BOOKMARK [2][-]{subsection.1.1}{Functionals of y and y\(1\)}{section.1}% 2
\BOOKMARK [2][-]{subsection.1.2}{Functionals of higher order derivatives}{section.1}% 3
\BOOKMARK [2][-]{subsection.1.3}{Functionals of multiple functions}{section.1}% 4
\BOOKMARK [2][-]{subsection.1.4}{Functionals of multiple functions and higher order derivatives}{section.1}% 5
\BOOKMARK [2][-]{subsection.1.5}{Functionals of multiple functions, multiple independent variables and higher order derivatives}{section.1}% 6
\BOOKMARK [2][-]{subsection.1.6}{Constraints}{section.1}% 7
\BOOKMARK [3][-]{subsubsection.1.6.1}{Integral constraints}{subsection.1.6}% 8
\BOOKMARK [3][-]{subsubsection.1.6.2}{Holonomic constraints}{subsection.1.6}% 9
\BOOKMARK [3][-]{subsubsection.1.6.3}{Non-holonomic constraints}{subsection.1.6}% 10
\BOOKMARK [2][-]{subsection.1.7}{The first integral}{section.1}% 11
\BOOKMARK [2][-]{subsection.1.8}{Free boundary value problems}{section.1}% 12
\BOOKMARK [2][-]{subsection.1.9}{Examples}{section.1}% 13
\BOOKMARK [3][-]{subsubsection.1.9.1}{Example 1: Brachistochrone}{subsection.1.9}% 14
\BOOKMARK [3][-]{subsubsection.1.9.2}{Interlude: Lagrangian mechanics}{subsection.1.9}% 15
\BOOKMARK [3][-]{subsubsection.1.9.3}{Example 2: Constrained optimisation}{subsection.1.9}% 16
\BOOKMARK [1][-]{section.2}{Function spaces}{}% 17
\BOOKMARK [2][-]{subsection.2.1}{Vector spaces}{section.2}% 18
\BOOKMARK [2][-]{subsection.2.2}{Functions as vectors}{section.2}% 19
\BOOKMARK [2][-]{subsection.2.3}{Inner products}{section.2}% 20
\BOOKMARK [2][-]{subsection.2.4}{Norms}{section.2}% 21
\BOOKMARK [2][-]{subsection.2.5}{Metric spaces}{section.2}% 22
\BOOKMARK [2][-]{subsection.2.6}{From inner products to norms, and norms to metrics}{section.2}% 23
\BOOKMARK [2][-]{subsection.2.7}{Convergence of functions}{section.2}% 24
\BOOKMARK [3][-]{subsubsection.2.7.1}{Pointwise convergence}{subsection.2.7}% 25
\BOOKMARK [3][-]{subsubsection.2.7.2}{Uniform convergence}{subsection.2.7}% 26
\BOOKMARK [3][-]{subsubsection.2.7.3}{Convergence in the mean}{subsection.2.7}% 27
\BOOKMARK [2][-]{subsection.2.8}{Banach spaces}{section.2}% 28
\BOOKMARK [2][-]{subsection.2.9}{Hilbert spaces}{section.2}% 29
\BOOKMARK [3][-]{subsubsection.2.9.1}{Defining functions in a Hilbert space}{subsection.2.9}% 30
\BOOKMARK [3][-]{subsubsection.2.9.2}{Parseval's theorem}{subsection.2.9}% 31
\BOOKMARK [2][-]{subsection.2.10}{Orthogonal polynomials}{section.2}% 32
\BOOKMARK [3][-]{subsubsection.2.10.1}{Legendre polynomials}{subsection.2.10}% 33
\BOOKMARK [3][-]{subsubsection.2.10.2}{Hermite polynomials}{subsection.2.10}% 34
\BOOKMARK [3][-]{subsubsection.2.10.3}{Tchebychef polynomials}{subsection.2.10}% 35
\BOOKMARK [2][-]{subsection.2.11}{Linear operators}{section.2}% 36
\BOOKMARK [2][-]{subsection.2.12}{Bibliography}{section.2}% 37
\BOOKMARK [1][-]{section.3}{Linear ordinary differential equations}{}% 38
\BOOKMARK [1][-]{section.4}{Linear differential operators}{}% 39
\BOOKMARK [1][-]{section.5}{Green functions}{}% 40
